Output:

test sdf : TIMEOUT
------
Output:

2 : TIMEOUT
------
Output:

3 : TIMEOUT
------
Output:

4 : TIMEOUT
------
Output:
blablablab

test sdf : KO
------
Output:
blablablab

2 : KO
------
Output:
blablablab

3 : KO
------
Output:
blablablab

4 : KO
------
Output:
blablablab

test sdf : KO
------
Output:
blablablab

2 : KO
------
Output:
blablablab

3 : KO
------
Output:
blablablab

4 : KO
------
Output:

test sdf : TIMEOUT
------
Output:

2 : TIMEOUT
------
Output:

3 : TIMEOUT
------
Output:

4 : TIMEOUT
------
